This file contains any messages produced by compilers while
running configure, to aid debugging if configure makes a mistake.

It was created by kelbt configure 0.16, which was
generated by GNU Autoconf 2.69.  Invocation command line was

  $ ./configure --prefix=/home/tony/projects/spikes/ragel-parsers/tools

## --------- ##
## Platform. ##
## --------- ##

hostname = starship
uname -m = x86_64
uname -r = 4.4.1-2-ARCH
uname -s = Linux
uname -v = #1 SMP PREEMPT Wed Feb 3 13:12:33 UTC 2016

/usr/bin/uname -p = unknown
/bin/uname -X     = unknown

/bin/arch              = unknown
/usr/bin/arch -k       = unknown
/usr/convex/getsysinfo = unknown
/usr/bin/hostinfo      = unknown
/bin/machine           = unknown
/usr/bin/oslevel       = unknown
/bin/universe          = unknown

PATH: /home/tony/perl5/bin
PATH: /home/tony/.rakudobrew/bin
PATH: /home/tony/.gem/bin
PATH: /home/tony/.gem/ruby/2.3.0/bin
PATH: /home/tony/bin
PATH: /home/tony/bin/1pass
PATH: /home/tony/bin/node_modules/.bin
PATH: /usr/lib/ccache/bin
PATH: /home/tony/tools/apache-jena-3.0.0/bin
PATH: /home/tony/bin/gopath/bin
PATH: /usr/local/sbin
PATH: /usr/local/bin
PATH: /usr/bin
PATH: /usr/lib/jvm/default/bin
PATH: /usr/bin/site_perl
PATH: /usr/bin/vendor_perl
PATH: /usr/bin/core_perl


## ----------- ##
## Core tests. ##
## ----------- ##

configure:1836: checking for a BSD-compatible install
configure:1904: result: /usr/bin/install -c
configure:1915: checking whether build environment is sane
configure:1970: result: yes
configure:2121: checking for a thread-safe mkdir -p
configure:2160: result: /usr/bin/mkdir -p
configure:2167: checking for gawk
configure:2183: found /usr/bin/gawk
configure:2194: result: gawk
configure:2205: checking whether make sets $(MAKE)
configure:2227: result: yes
configure:2256: checking whether make supports nested variables
configure:2273: result: yes
configure:2567: checking for g++
configure:2583: found /usr/lib/ccache/bin/g++
configure:2594: result: g++
configure:2621: checking for C++ compiler version
configure:2630: g++ --version >&5
g++ (GCC) 5.3.0
Copyright (C) 2015 Free Software Foundation, Inc.
This is free software; see the source for copying conditions.  There is NO
warranty; not even for MERCHANTABILITY or FITNESS FOR A PARTICULAR PURPOSE.

configure:2641: $? = 0
configure:2630: g++ -v >&5
Using built-in specs.
COLLECT_GCC=/usr/bin/g++
COLLECT_LTO_WRAPPER=/usr/lib/gcc/x86_64-unknown-linux-gnu/5.3.0/lto-wrapper
Target: x86_64-unknown-linux-gnu
Configured with: /build/gcc/src/gcc-5-20160209/configure --prefix=/usr --libdir=/usr/lib --libexecdir=/usr/lib --mandir=/usr/share/man --infodir=/usr/share/info --with-bugurl=https://bugs.archlinux.org/ --enable-languages=c,c++,ada,fortran,go,lto,objc,obj-c++ --enable-shared --enable-threads=posix --enable-libmpx --with-system-zlib --with-isl --enable-__cxa_atexit --disable-libunwind-exceptions --enable-clocale=gnu --disable-libstdcxx-pch --disable-libssp --enable-gnu-unique-object --enable-linker-build-id --enable-lto --enable-plugin --enable-install-libiberty --with-linker-hash-style=gnu --enable-gnu-indirect-function --disable-multilib --disable-werror --enable-checking=release
Thread model: posix
gcc version 5.3.0 (GCC) 
configure:2641: $? = 0
configure:2630: g++ -V >&5
g++: error: unrecognized command line option '-V'
g++: fatal error: no input files
compilation terminated.
configure:2641: $? = 1
configure:2630: g++ -qversion >&5
g++: error: unrecognized command line option '-qversion'
g++: fatal error: no input files
compilation terminated.
configure:2641: $? = 1
configure:2661: checking whether the C++ compiler works
configure:2683: g++ -Wall -g   conftest.cpp  >&5
configure:2687: $? = 0
configure:2735: result: yes
configure:2738: checking for C++ compiler default output file name
configure:2740: result: a.out
configure:2746: checking for suffix of executables
configure:2753: g++ -o conftest -Wall -g   conftest.cpp  >&5
configure:2757: $? = 0
configure:2779: result: 
configure:2801: checking whether we are cross compiling
configure:2809: g++ -o conftest -Wall -g   conftest.cpp  >&5
configure:2813: $? = 0
configure:2820: ./conftest
configure:2824: $? = 0
configure:2839: result: no
configure:2844: checking for suffix of object files
configure:2866: g++ -c -Wall -g  conftest.cpp >&5
configure:2870: $? = 0
configure:2891: result: o
configure:2895: checking whether we are using the GNU C++ compiler
configure:2914: g++ -c -Wall -g  conftest.cpp >&5
configure:2914: $? = 0
configure:2923: result: yes
configure:2932: checking whether g++ accepts -g
configure:2952: g++ -c -g  conftest.cpp >&5
configure:2952: $? = 0
configure:2993: result: yes
configure:3027: checking for style of include used by make
configure:3055: result: GNU
configure:3081: checking dependency style of g++
configure:3192: result: gcc3
configure:3322: checking that generated files are newer than configure
configure:3328: result: done
configure:3355: creating ./config.status

## ---------------------- ##
## Running config.status. ##
## ---------------------- ##

This file was extended by kelbt config.status 0.16, which was
generated by GNU Autoconf 2.69.  Invocation command line was

  CONFIG_FILES    = 
  CONFIG_HEADERS  = 
  CONFIG_LINKS    = 
  CONFIG_COMMANDS = 
  $ ./config.status 

on starship

config.status:846: creating Makefile
config.status:846: creating src/Makefile
config.status:846: creating aapl/Makefile
config.status:846: creating src/config.h
config.status:1075: executing depfiles commands

## ---------------- ##
## Cache variables. ##
## ---------------- ##

ac_cv_cxx_compiler_gnu=yes
ac_cv_env_CCC_set=
ac_cv_env_CCC_value=
ac_cv_env_CPPFLAGS_set=
ac_cv_env_CPPFLAGS_value=
ac_cv_env_CXXFLAGS_set=
ac_cv_env_CXXFLAGS_value=
ac_cv_env_CXX_set=
ac_cv_env_CXX_value=
ac_cv_env_LDFLAGS_set=
ac_cv_env_LDFLAGS_value=
ac_cv_env_LIBS_set=
ac_cv_env_LIBS_value=
ac_cv_env_build_alias_set=
ac_cv_env_build_alias_value=
ac_cv_env_host_alias_set=
ac_cv_env_host_alias_value=
ac_cv_env_target_alias_set=
ac_cv_env_target_alias_value=
ac_cv_objext=o
ac_cv_path_install='/usr/bin/install -c'
ac_cv_path_mkdir=/usr/bin/mkdir
ac_cv_prog_AWK=gawk
ac_cv_prog_ac_ct_CXX=g++
ac_cv_prog_cxx_g=yes
ac_cv_prog_make_make_set=yes
am_cv_CXX_dependencies_compiler_type=gcc3
am_cv_make_support_nested_variables=yes

## ----------------- ##
## Output variables. ##
## ----------------- ##

ACLOCAL='${SHELL} /home/tony/projects/spikes/ragel-parsers/kelbt-0.16/missing aclocal-1.14'
AMDEPBACKSLASH='\'
AMDEP_FALSE='#'
AMDEP_TRUE=''
AMTAR='$${TAR-tar}'
AM_BACKSLASH='\'
AM_DEFAULT_V='$(AM_DEFAULT_VERBOSITY)'
AM_DEFAULT_VERBOSITY='1'
AM_V='$(V)'
AUTOCONF='${SHELL} /home/tony/projects/spikes/ragel-parsers/kelbt-0.16/missing autoconf'
AUTOHEADER='${SHELL} /home/tony/projects/spikes/ragel-parsers/kelbt-0.16/missing autoheader'
AUTOMAKE='${SHELL} /home/tony/projects/spikes/ragel-parsers/kelbt-0.16/missing automake-1.14'
AWK='gawk'
BUILD_PARSERS_FALSE=''
BUILD_PARSERS_TRUE='#'
CPPFLAGS=''
CXX='g++'
CXXDEPMODE='depmode=gcc3'
CXXFLAGS='-Wall -g'
CYGPATH_W='echo'
DEFS='-DHAVE_CONFIG_H'
DEPDIR='.deps'
ECHO_C=''
ECHO_N='-n'
ECHO_T=''
EXEEXT=''
INSTALL_DATA='${INSTALL} -m 644'
INSTALL_PROGRAM='${INSTALL}'
INSTALL_SCRIPT='${INSTALL}'
INSTALL_STRIP_PROGRAM='$(install_sh) -c -s'
KELBT=''
LDFLAGS=''
LIBOBJS=''
LIBS=''
LTLIBOBJS=''
MAKEINFO='${SHELL} /home/tony/projects/spikes/ragel-parsers/kelbt-0.16/missing makeinfo'
MKDIR_P='/usr/bin/mkdir -p'
OBJEXT='o'
PACKAGE='kelbt'
PACKAGE_BUGREPORT=''
PACKAGE_NAME='kelbt'
PACKAGE_STRING='kelbt 0.16'
PACKAGE_TARNAME='kelbt'
PACKAGE_URL=''
PACKAGE_VERSION='0.16'
PATH_SEPARATOR=':'
PUBDATE='February 2015'
RAGEL=''
SET_MAKE=''
SHELL='/bin/sh'
STRIP=''
VERSION='0.16'
ac_ct_CXX='g++'
am__EXEEXT_FALSE=''
am__EXEEXT_TRUE='#'
am__fastdepCXX_FALSE='#'
am__fastdepCXX_TRUE=''
am__include='include'
am__isrc=''
am__leading_dot='.'
am__nodep='_no'
am__quote=''
am__tar='$${TAR-tar} chof - "$$tardir"'
am__untar='$${TAR-tar} xf -'
bindir='${exec_prefix}/bin'
build_alias=''
datadir='${datarootdir}'
datarootdir='${prefix}/share'
docdir='${datarootdir}/doc/${PACKAGE_TARNAME}'
dvidir='${docdir}'
exec_prefix='${prefix}'
host_alias=''
htmldir='${docdir}'
includedir='${prefix}/include'
infodir='${datarootdir}/info'
install_sh='${SHELL} /home/tony/projects/spikes/ragel-parsers/kelbt-0.16/install-sh'
libdir='${exec_prefix}/lib'
libexecdir='${exec_prefix}/libexec'
localedir='${datarootdir}/locale'
localstatedir='${prefix}/var'
mandir='${datarootdir}/man'
mkdir_p='$(MKDIR_P)'
oldincludedir='/usr/include'
pdfdir='${docdir}'
prefix='/home/tony/projects/spikes/ragel-parsers/tools'
program_transform_name='s,x,x,'
psdir='${docdir}'
sbindir='${exec_prefix}/sbin'
sharedstatedir='${prefix}/com'
sysconfdir='${prefix}/etc'
target_alias=''

## ----------- ##
## confdefs.h. ##
## ----------- ##

/* confdefs.h */
#define PACKAGE_NAME "kelbt"
#define PACKAGE_TARNAME "kelbt"
#define PACKAGE_VERSION "0.16"
#define PACKAGE_STRING "kelbt 0.16"
#define PACKAGE_BUGREPORT ""
#define PACKAGE_URL ""
#define PACKAGE "kelbt"
#define VERSION "0.16"

configure: exit 0
