This file contains any messages produced by compilers while
running configure, to aid debugging if configure makes a mistake.

It was created by ragel configure 7.0.0.6, which was
generated by GNU Autoconf 2.69.  Invocation command line was

  $ ./configure --prefix=/home/tony/projects/spikes/ragel-parsers/tools --with-ragel=/home/tony/projects/spikes/ragel-parsers/tools --with-kelbt=/home/tony/projects/spikes/ragel-parsers/tools --with-colm=/home/tony/projects/spikes/ragel-parsers/tools/

## --------- ##
## Platform. ##
## --------- ##

hostname = starship
uname -m = x86_64
uname -r = 4.4.1-2-ARCH
uname -s = Linux
uname -v = #1 SMP PREEMPT Wed Feb 3 13:12:33 UTC 2016

/usr/bin/uname -p = unknown
/bin/uname -X     = unknown

/bin/arch              = unknown
/usr/bin/arch -k       = unknown
/usr/convex/getsysinfo = unknown
/usr/bin/hostinfo      = unknown
/bin/machine           = unknown
/usr/bin/oslevel       = unknown
/bin/universe          = unknown

PATH: /home/tony/perl5/bin
PATH: /home/tony/.rakudobrew/bin
PATH: /home/tony/.gem/bin
PATH: /home/tony/.gem/ruby/2.3.0/bin
PATH: /home/tony/bin
PATH: /home/tony/bin/1pass
PATH: /home/tony/bin/node_modules/.bin
PATH: /usr/lib/ccache/bin
PATH: /home/tony/tools/apache-jena-3.0.0/bin
PATH: /home/tony/bin/gopath/bin
PATH: /usr/local/sbin
PATH: /usr/local/bin
PATH: /usr/bin
PATH: /usr/lib/jvm/default/bin
PATH: /usr/bin/site_perl
PATH: /usr/bin/vendor_perl
PATH: /usr/bin/core_perl


## ----------- ##
## Core tests. ##
## ----------- ##

configure:1908: checking for a BSD-compatible install
configure:1976: result: /usr/bin/install -c
configure:1987: checking whether build environment is sane
configure:2042: result: yes
configure:2193: checking for a thread-safe mkdir -p
configure:2232: result: /usr/bin/mkdir -p
configure:2239: checking for gawk
configure:2255: found /usr/bin/gawk
configure:2266: result: gawk
configure:2277: checking whether make sets $(MAKE)
configure:2299: result: yes
configure:2328: checking whether make supports nested variables
configure:2345: result: yes
configure:2546: checking for gcc
configure:2562: found /usr/lib/ccache/bin/gcc
configure:2573: result: gcc
configure:2802: checking for C compiler version
configure:2811: gcc --version >&5
gcc (GCC) 5.3.0
Copyright (C) 2015 Free Software Foundation, Inc.
This is free software; see the source for copying conditions.  There is NO
warranty; not even for MERCHANTABILITY or FITNESS FOR A PARTICULAR PURPOSE.

configure:2822: $? = 0
configure:2811: gcc -v >&5
Using built-in specs.
COLLECT_GCC=/usr/bin/gcc
COLLECT_LTO_WRAPPER=/usr/lib/gcc/x86_64-unknown-linux-gnu/5.3.0/lto-wrapper
Target: x86_64-unknown-linux-gnu
Configured with: /build/gcc/src/gcc-5-20160209/configure --prefix=/usr --libdir=/usr/lib --libexecdir=/usr/lib --mandir=/usr/share/man --infodir=/usr/share/info --with-bugurl=https://bugs.archlinux.org/ --enable-languages=c,c++,ada,fortran,go,lto,objc,obj-c++ --enable-shared --enable-threads=posix --enable-libmpx --with-system-zlib --with-isl --enable-__cxa_atexit --disable-libunwind-exceptions --enable-clocale=gnu --disable-libstdcxx-pch --disable-libssp --enable-gnu-unique-object --enable-linker-build-id --enable-lto --enable-plugin --enable-install-libiberty --with-linker-hash-style=gnu --enable-gnu-indirect-function --disable-multilib --disable-werror --enable-checking=release
Thread model: posix
gcc version 5.3.0 (GCC) 
configure:2822: $? = 0
configure:2811: gcc -V >&5
gcc: error: unrecognized command line option '-V'
gcc: fatal error: no input files
compilation terminated.
configure:2822: $? = 1
configure:2811: gcc -qversion >&5
gcc: error: unrecognized command line option '-qversion'
gcc: fatal error: no input files
compilation terminated.
configure:2822: $? = 1
configure:2842: checking whether the C compiler works
configure:2864: gcc -Wall -g   conftest.c  >&5
configure:2868: $? = 0
configure:2916: result: yes
configure:2919: checking for C compiler default output file name
configure:2921: result: a.out
configure:2927: checking for suffix of executables
configure:2934: gcc -o conftest -Wall -g   conftest.c  >&5
configure:2938: $? = 0
configure:2960: result: 
configure:2982: checking whether we are cross compiling
configure:2990: gcc -o conftest -Wall -g   conftest.c  >&5
configure:2994: $? = 0
configure:3001: ./conftest
configure:3005: $? = 0
configure:3020: result: no
configure:3025: checking for suffix of object files
configure:3047: gcc -c -Wall -g  conftest.c >&5
configure:3051: $? = 0
configure:3072: result: o
configure:3076: checking whether we are using the GNU C compiler
configure:3095: gcc -c -Wall -g  conftest.c >&5
configure:3095: $? = 0
configure:3104: result: yes
configure:3113: checking whether gcc accepts -g
configure:3133: gcc -c -g  conftest.c >&5
configure:3133: $? = 0
configure:3174: result: yes
configure:3191: checking for gcc option to accept ISO C89
configure:3254: gcc  -c -Wall -g  conftest.c >&5
configure:3254: $? = 0
configure:3267: result: none needed
configure:3292: checking whether gcc understands -c and -o together
configure:3314: gcc -c conftest.c -o conftest2.o
configure:3317: $? = 0
configure:3314: gcc -c conftest.c -o conftest2.o
configure:3317: $? = 0
configure:3329: result: yes
configure:3357: checking for style of include used by make
configure:3385: result: GNU
configure:3411: checking dependency style of gcc
configure:3522: result: gcc3
configure:3595: checking for g++
configure:3611: found /usr/lib/ccache/bin/g++
configure:3622: result: g++
configure:3649: checking for C++ compiler version
configure:3658: g++ --version >&5
g++ (GCC) 5.3.0
Copyright (C) 2015 Free Software Foundation, Inc.
This is free software; see the source for copying conditions.  There is NO
warranty; not even for MERCHANTABILITY or FITNESS FOR A PARTICULAR PURPOSE.

configure:3669: $? = 0
configure:3658: g++ -v >&5
Using built-in specs.
COLLECT_GCC=/usr/bin/g++
COLLECT_LTO_WRAPPER=/usr/lib/gcc/x86_64-unknown-linux-gnu/5.3.0/lto-wrapper
Target: x86_64-unknown-linux-gnu
Configured with: /build/gcc/src/gcc-5-20160209/configure --prefix=/usr --libdir=/usr/lib --libexecdir=/usr/lib --mandir=/usr/share/man --infodir=/usr/share/info --with-bugurl=https://bugs.archlinux.org/ --enable-languages=c,c++,ada,fortran,go,lto,objc,obj-c++ --enable-shared --enable-threads=posix --enable-libmpx --with-system-zlib --with-isl --enable-__cxa_atexit --disable-libunwind-exceptions --enable-clocale=gnu --disable-libstdcxx-pch --disable-libssp --enable-gnu-unique-object --enable-linker-build-id --enable-lto --enable-plugin --enable-install-libiberty --with-linker-hash-style=gnu --enable-gnu-indirect-function --disable-multilib --disable-werror --enable-checking=release
Thread model: posix
gcc version 5.3.0 (GCC) 
configure:3669: $? = 0
configure:3658: g++ -V >&5
g++: error: unrecognized command line option '-V'
g++: fatal error: no input files
compilation terminated.
configure:3669: $? = 1
configure:3658: g++ -qversion >&5
g++: error: unrecognized command line option '-qversion'
g++: fatal error: no input files
compilation terminated.
configure:3669: $? = 1
configure:3673: checking whether we are using the GNU C++ compiler
configure:3692: g++ -c -Wall -g  conftest.cpp >&5
configure:3692: $? = 0
configure:3701: result: yes
configure:3710: checking whether g++ accepts -g
configure:3730: g++ -c -g  conftest.cpp >&5
configure:3730: $? = 0
configure:3771: result: yes
configure:3796: checking dependency style of g++
configure:3907: result: gcc3
configure:3965: checking for ar
configure:3981: found /usr/bin/ar
configure:3992: result: ar
configure:4057: checking for ranlib
configure:4073: found /usr/bin/ranlib
configure:4084: result: ranlib
configure:4114: checking whether make sets $(MAKE)
configure:4136: result: yes
configure:4152: checking for /home/tony/projects/spikes/ragel-parsers/tools/bin/ragel
configure:4166: result: yes
configure:4232: checking for /home/tony/projects/spikes/ragel-parsers/tools/bin/kelbt
configure:4246: result: yes
configure:4346: checking for /home/tony/projects/spikes/ragel-parsers/tools//bin/colm
configure:4360: result: yes
configure:4429: checking for /home/tony/projects/spikes/ragel-parsers/tools//bin/colm
configure:4443: result: yes
configure:4671: checking that generated files are newer than configure
configure:4677: result: done
configure:4712: creating ./config.status

## ---------------------- ##
## Running config.status. ##
## ---------------------- ##

This file was extended by ragel config.status 7.0.0.6, which was
generated by GNU Autoconf 2.69.  Invocation command line was

  CONFIG_FILES    = 
  CONFIG_HEADERS  = 
  CONFIG_LINKS    = 
  CONFIG_COMMANDS = 
  $ ./config.status 

on starship

config.status:869: creating Makefile
config.status:869: creating src/Makefile
config.status:869: creating aapl/Makefile
config.status:869: creating doc/Makefile
config.status:869: creating doc/ragel.1
config.status:869: creating src/config.h
config.status:1050: src/config.h is unchanged
config.status:1098: executing depfiles commands

## ---------------- ##
## Cache variables. ##
## ---------------- ##

ac_cv_c_compiler_gnu=yes
ac_cv_cxx_compiler_gnu=yes
ac_cv_env_CCC_set=
ac_cv_env_CCC_value=
ac_cv_env_CC_set=
ac_cv_env_CC_value=
ac_cv_env_CFLAGS_set=
ac_cv_env_CFLAGS_value=
ac_cv_env_CPPFLAGS_set=
ac_cv_env_CPPFLAGS_value=
ac_cv_env_CXXFLAGS_set=
ac_cv_env_CXXFLAGS_value=
ac_cv_env_CXX_set=
ac_cv_env_CXX_value=
ac_cv_env_LDFLAGS_set=
ac_cv_env_LDFLAGS_value=
ac_cv_env_LIBS_set=
ac_cv_env_LIBS_value=
ac_cv_env_build_alias_set=
ac_cv_env_build_alias_value=
ac_cv_env_host_alias_set=
ac_cv_env_host_alias_value=
ac_cv_env_target_alias_set=
ac_cv_env_target_alias_value=
ac_cv_file__home_tony_projects_spikes_ragel_parsers_tools__bin_colm=yes
ac_cv_file__home_tony_projects_spikes_ragel_parsers_tools_bin_kelbt=yes
ac_cv_file__home_tony_projects_spikes_ragel_parsers_tools_bin_ragel=yes
ac_cv_objext=o
ac_cv_path_install='/usr/bin/install -c'
ac_cv_path_mkdir=/usr/bin/mkdir
ac_cv_prog_AWK=gawk
ac_cv_prog_ac_ct_AR=ar
ac_cv_prog_ac_ct_CC=gcc
ac_cv_prog_ac_ct_CXX=g++
ac_cv_prog_ac_ct_RANLIB=ranlib
ac_cv_prog_cc_c89=
ac_cv_prog_cc_g=yes
ac_cv_prog_cxx_g=yes
ac_cv_prog_make_make_set=yes
am_cv_CC_dependencies_compiler_type=gcc3
am_cv_CXX_dependencies_compiler_type=gcc3
am_cv_make_support_nested_variables=yes
am_cv_prog_cc_c_o=yes

## ----------------- ##
## Output variables. ##
## ----------------- ##

ACLOCAL='${SHELL} /home/tony/projects/spikes/ragel-parsers/ragel-7.0.0.6/missing aclocal-1.14'
AMDEPBACKSLASH='\'
AMDEP_FALSE='#'
AMDEP_TRUE=''
AMTAR='$${TAR-tar}'
AM_BACKSLASH='\'
AM_DEFAULT_V='$(AM_DEFAULT_VERBOSITY)'
AM_DEFAULT_VERBOSITY='1'
AM_V='$(V)'
AR='ar'
AUTOCONF='${SHELL} /home/tony/projects/spikes/ragel-parsers/ragel-7.0.0.6/missing autoconf'
AUTOHEADER='${SHELL} /home/tony/projects/spikes/ragel-parsers/ragel-7.0.0.6/missing autoheader'
AUTOMAKE='${SHELL} /home/tony/projects/spikes/ragel-parsers/ragel-7.0.0.6/missing automake-1.14'
AWK='gawk'
BUILD_MANUAL_FALSE=''
BUILD_MANUAL_TRUE='#'
CC='gcc'
CCDEPMODE='depmode=gcc3'
CFLAGS='-Wall -g'
COLM='/home/tony/projects/spikes/ragel-parsers/tools//bin/colm'
COLM_BINDEP='/home/tony/projects/spikes/ragel-parsers/tools//bin/colm'
COLM_LD='-lcolmd'
COLM_LIBDEP=''
CPPFLAGS=' -I/home/tony/projects/spikes/ragel-parsers/tools//include'
CXX='g++'
CXXDEPMODE='depmode=gcc3'
CXXFLAGS='-Wall -g'
CYGPATH_W='echo'
DEFS='-DHAVE_CONFIG_H'
DEPDIR='.deps'
ECHO_C=''
ECHO_N='-n'
ECHO_T=''
EXEEXT=''
FIG2DEV=''
INSTALL_DATA='${INSTALL} -m 644'
INSTALL_PROGRAM='${INSTALL}'
INSTALL_SCRIPT='${INSTALL}'
INSTALL_STRIP_PROGRAM='$(install_sh) -c -s'
KELBT='/home/tony/projects/spikes/ragel-parsers/tools/bin/kelbt'
LDFLAGS=' -L/home/tony/projects/spikes/ragel-parsers/tools//lib'
LIBOBJS=''
LIBS=''
LTLIBOBJS=''
MAKEINFO='${SHELL} /home/tony/projects/spikes/ragel-parsers/ragel-7.0.0.6/missing makeinfo'
MKDIR_P='/usr/bin/mkdir -p'
OBJEXT='o'
PACKAGE='ragel'
PACKAGE_BUGREPORT=''
PACKAGE_NAME='ragel'
PACKAGE_STRING='ragel 7.0.0.6'
PACKAGE_TARNAME='ragel'
PACKAGE_URL=''
PACKAGE_VERSION='7.0.0.6'
PATH_SEPARATOR=':'
PDFLATEX=''
PUBDATE='January 2016'
RAGEL='/home/tony/projects/spikes/ragel-parsers/tools/bin/ragel'
RANLIB='ranlib'
SET_MAKE=''
SHELL='/bin/sh'
STRIP=''
VERSION='7.0.0.6'
WITH_RAGEL_KELBT_FALSE='#'
WITH_RAGEL_KELBT_TRUE=''
ac_ct_CC='gcc'
ac_ct_CXX='g++'
am__EXEEXT_FALSE=''
am__EXEEXT_TRUE='#'
am__fastdepCC_FALSE='#'
am__fastdepCC_TRUE=''
am__fastdepCXX_FALSE='#'
am__fastdepCXX_TRUE=''
am__include='include'
am__isrc=''
am__leading_dot='.'
am__nodep='_no'
am__quote=''
am__tar='$${TAR-tar} chof - "$$tardir"'
am__untar='$${TAR-tar} xf -'
bindir='${exec_prefix}/bin'
build_alias=''
datadir='${datarootdir}'
datarootdir='${prefix}/share'
docdir='${datarootdir}/doc/${PACKAGE_TARNAME}'
dvidir='${docdir}'
exec_prefix='${prefix}'
host_alias=''
htmldir='${docdir}'
includedir='${prefix}/include'
infodir='${datarootdir}/info'
install_sh='${SHELL} /home/tony/projects/spikes/ragel-parsers/ragel-7.0.0.6/install-sh'
libdir='${exec_prefix}/lib'
libexecdir='${exec_prefix}/libexec'
localedir='${datarootdir}/locale'
localstatedir='${prefix}/var'
mandir='${datarootdir}/man'
mkdir_p='$(MKDIR_P)'
oldincludedir='/usr/include'
pdfdir='${docdir}'
prefix='/home/tony/projects/spikes/ragel-parsers/tools'
program_transform_name='s,x,x,'
psdir='${docdir}'
sbindir='${exec_prefix}/sbin'
sharedstatedir='${prefix}/com'
sysconfdir='${prefix}/etc'
target_alias=''

## ----------- ##
## confdefs.h. ##
## ----------- ##

/* confdefs.h */
#define PACKAGE_NAME "ragel"
#define PACKAGE_TARNAME "ragel"
#define PACKAGE_VERSION "7.0.0.6"
#define PACKAGE_STRING "ragel 7.0.0.6"
#define PACKAGE_BUGREPORT ""
#define PACKAGE_URL ""
#define PACKAGE "ragel"
#define VERSION "7.0.0.6"
#define HAVE__HOME_TONY_PROJECTS_SPIKES_RAGEL_PARSERS_TOOLS_BIN_RAGEL 1
#define HAVE__HOME_TONY_PROJECTS_SPIKES_RAGEL_PARSERS_TOOLS_BIN_KELBT 1
#define WITH_RAGEL_KELBT 1
#define HAVE__HOME_TONY_PROJECTS_SPIKES_RAGEL_PARSERS_TOOLS__BIN_COLM 1
#define HAVE__HOME_TONY_PROJECTS_SPIKES_RAGEL_PARSERS_TOOLS__BIN_COLM 1

configure: exit 0
