This file contains any messages produced by compilers while
running configure, to aid debugging if configure makes a mistake.

It was created by colm configure 0.13.0.3, which was
generated by GNU Autoconf 2.69.  Invocation command line was

  $ ./configure --prefix=/home/tony/projects/spikes/ragel-parsers/tools

## --------- ##
## Platform. ##
## --------- ##

hostname = starship
uname -m = x86_64
uname -r = 4.4.1-2-ARCH
uname -s = Linux
uname -v = #1 SMP PREEMPT Wed Feb 3 13:12:33 UTC 2016

/usr/bin/uname -p = unknown
/bin/uname -X     = unknown

/bin/arch              = unknown
/usr/bin/arch -k       = unknown
/usr/convex/getsysinfo = unknown
/usr/bin/hostinfo      = unknown
/bin/machine           = unknown
/usr/bin/oslevel       = unknown
/bin/universe          = unknown

PATH: /home/tony/perl5/bin
PATH: /home/tony/.rakudobrew/bin
PATH: /home/tony/.gem/bin
PATH: /home/tony/.gem/ruby/2.3.0/bin
PATH: /home/tony/bin
PATH: /home/tony/bin/1pass
PATH: /home/tony/bin/node_modules/.bin
PATH: /usr/lib/ccache/bin
PATH: /home/tony/tools/apache-jena-3.0.0/bin
PATH: /home/tony/bin/gopath/bin
PATH: /usr/local/sbin
PATH: /usr/local/bin
PATH: /usr/bin
PATH: /usr/lib/jvm/default/bin
PATH: /usr/bin/site_perl
PATH: /usr/bin/vendor_perl
PATH: /usr/bin/core_perl


## ----------- ##
## Core tests. ##
## ----------- ##

configure:2484: checking for a BSD-compatible install
configure:2552: result: /usr/bin/install -c
configure:2563: checking whether build environment is sane
configure:2618: result: yes
configure:2769: checking for a thread-safe mkdir -p
configure:2808: result: /usr/bin/mkdir -p
configure:2815: checking for gawk
configure:2831: found /usr/bin/gawk
configure:2842: result: gawk
configure:2853: checking whether make sets $(MAKE)
configure:2875: result: yes
configure:2904: checking whether make supports nested variables
configure:2921: result: yes
configure:3057: checking for ./DIST
configure:3071: result: no
configure:3105: checking for style of include used by make
configure:3133: result: GNU
configure:3204: checking for gcc
configure:3220: found /usr/lib/ccache/bin/gcc
configure:3231: result: gcc
configure:3460: checking for C compiler version
configure:3469: gcc --version >&5
gcc (GCC) 5.3.0
Copyright (C) 2015 Free Software Foundation, Inc.
This is free software; see the source for copying conditions.  There is NO
warranty; not even for MERCHANTABILITY or FITNESS FOR A PARTICULAR PURPOSE.

configure:3480: $? = 0
configure:3469: gcc -v >&5
Using built-in specs.
COLLECT_GCC=/usr/bin/gcc
COLLECT_LTO_WRAPPER=/usr/lib/gcc/x86_64-unknown-linux-gnu/5.3.0/lto-wrapper
Target: x86_64-unknown-linux-gnu
Configured with: /build/gcc/src/gcc-5-20160209/configure --prefix=/usr --libdir=/usr/lib --libexecdir=/usr/lib --mandir=/usr/share/man --infodir=/usr/share/info --with-bugurl=https://bugs.archlinux.org/ --enable-languages=c,c++,ada,fortran,go,lto,objc,obj-c++ --enable-shared --enable-threads=posix --enable-libmpx --with-system-zlib --with-isl --enable-__cxa_atexit --disable-libunwind-exceptions --enable-clocale=gnu --disable-libstdcxx-pch --disable-libssp --enable-gnu-unique-object --enable-linker-build-id --enable-lto --enable-plugin --enable-install-libiberty --with-linker-hash-style=gnu --enable-gnu-indirect-function --disable-multilib --disable-werror --enable-checking=release
Thread model: posix
gcc version 5.3.0 (GCC) 
configure:3480: $? = 0
configure:3469: gcc -V >&5
gcc: error: unrecognized command line option '-V'
gcc: fatal error: no input files
compilation terminated.
configure:3480: $? = 1
configure:3469: gcc -qversion >&5
gcc: error: unrecognized command line option '-qversion'
gcc: fatal error: no input files
compilation terminated.
configure:3480: $? = 1
configure:3500: checking whether the C compiler works
configure:3522: gcc -Wall -g   conftest.c  >&5
configure:3526: $? = 0
configure:3574: result: yes
configure:3577: checking for C compiler default output file name
configure:3579: result: a.out
configure:3585: checking for suffix of executables
configure:3592: gcc -o conftest -Wall -g   conftest.c  >&5
configure:3596: $? = 0
configure:3618: result: 
configure:3640: checking whether we are cross compiling
configure:3648: gcc -o conftest -Wall -g   conftest.c  >&5
configure:3652: $? = 0
configure:3659: ./conftest
configure:3663: $? = 0
configure:3678: result: no
configure:3683: checking for suffix of object files
configure:3705: gcc -c -Wall -g  conftest.c >&5
configure:3709: $? = 0
configure:3730: result: o
configure:3734: checking whether we are using the GNU C compiler
configure:3753: gcc -c -Wall -g  conftest.c >&5
configure:3753: $? = 0
configure:3762: result: yes
configure:3771: checking whether gcc accepts -g
configure:3791: gcc -c -g  conftest.c >&5
configure:3791: $? = 0
configure:3832: result: yes
configure:3849: checking for gcc option to accept ISO C89
configure:3912: gcc  -c -Wall -g  conftest.c >&5
configure:3912: $? = 0
configure:3925: result: none needed
configure:3950: checking whether gcc understands -c and -o together
configure:3972: gcc -c conftest.c -o conftest2.o
configure:3975: $? = 0
configure:3972: gcc -c conftest.c -o conftest2.o
configure:3975: $? = 0
configure:3987: result: yes
configure:4006: checking dependency style of gcc
configure:4117: result: gcc3
configure:4138: checking how to run the C preprocessor
configure:4169: gcc -E  conftest.c
configure:4169: $? = 0
configure:4183: gcc -E  conftest.c
conftest.c:11:28: fatal error: ac_nonexistent.h: No such file or directory
compilation terminated.
configure:4183: $? = 1
configure: failed program was:
| /* confdefs.h */
| #define PACKAGE_NAME "colm"
| #define PACKAGE_TARNAME "colm"
| #define PACKAGE_VERSION "0.13.0.3"
| #define PACKAGE_STRING "colm 0.13.0.3"
| #define PACKAGE_BUGREPORT ""
| #define PACKAGE_URL ""
| #define PACKAGE "colm"
| #define VERSION "0.13.0.3"
| /* end confdefs.h.  */
| #include <ac_nonexistent.h>
configure:4208: result: gcc -E
configure:4228: gcc -E  conftest.c
configure:4228: $? = 0
configure:4242: gcc -E  conftest.c
conftest.c:11:28: fatal error: ac_nonexistent.h: No such file or directory
compilation terminated.
configure:4242: $? = 1
configure: failed program was:
| /* confdefs.h */
| #define PACKAGE_NAME "colm"
| #define PACKAGE_TARNAME "colm"
| #define PACKAGE_VERSION "0.13.0.3"
| #define PACKAGE_STRING "colm 0.13.0.3"
| #define PACKAGE_BUGREPORT ""
| #define PACKAGE_URL ""
| #define PACKAGE "colm"
| #define VERSION "0.13.0.3"
| /* end confdefs.h.  */
| #include <ac_nonexistent.h>
configure:4271: checking for grep that handles long lines and -e
configure:4329: result: /usr/bin/grep
configure:4334: checking for egrep
configure:4396: result: /usr/bin/grep -E
configure:4401: checking for ANSI C header files
configure:4421: gcc -c -Wall -g  conftest.c >&5
configure:4421: $? = 0
configure:4494: gcc -o conftest -Wall -g   conftest.c  >&5
configure:4494: $? = 0
configure:4494: ./conftest
configure:4494: $? = 0
configure:4505: result: yes
configure:4518: checking for sys/types.h
configure:4518: gcc -c -Wall -g  conftest.c >&5
configure:4518: $? = 0
configure:4518: result: yes
configure:4518: checking for sys/stat.h
configure:4518: gcc -c -Wall -g  conftest.c >&5
configure:4518: $? = 0
configure:4518: result: yes
configure:4518: checking for stdlib.h
configure:4518: gcc -c -Wall -g  conftest.c >&5
configure:4518: $? = 0
configure:4518: result: yes
configure:4518: checking for string.h
configure:4518: gcc -c -Wall -g  conftest.c >&5
configure:4518: $? = 0
configure:4518: result: yes
configure:4518: checking for memory.h
configure:4518: gcc -c -Wall -g  conftest.c >&5
configure:4518: $? = 0
configure:4518: result: yes
configure:4518: checking for strings.h
configure:4518: gcc -c -Wall -g  conftest.c >&5
configure:4518: $? = 0
configure:4518: result: yes
configure:4518: checking for inttypes.h
configure:4518: gcc -c -Wall -g  conftest.c >&5
configure:4518: $? = 0
configure:4518: result: yes
configure:4518: checking for stdint.h
configure:4518: gcc -c -Wall -g  conftest.c >&5
configure:4518: $? = 0
configure:4518: result: yes
configure:4518: checking for unistd.h
configure:4518: gcc -c -Wall -g  conftest.c >&5
configure:4518: $? = 0
configure:4518: result: yes
configure:4534: checking size of long
configure:4539: gcc -o conftest -Wall -g   conftest.c  >&5
configure:4539: $? = 0
configure:4539: ./conftest
configure:4539: $? = 0
configure:4553: result: 8
configure:4623: checking for gcc
configure:4650: result: gcc
configure:4879: checking for C compiler version
configure:4888: gcc --version >&5
gcc (GCC) 5.3.0
Copyright (C) 2015 Free Software Foundation, Inc.
This is free software; see the source for copying conditions.  There is NO
warranty; not even for MERCHANTABILITY or FITNESS FOR A PARTICULAR PURPOSE.

configure:4899: $? = 0
configure:4888: gcc -v >&5
Using built-in specs.
COLLECT_GCC=/usr/bin/gcc
COLLECT_LTO_WRAPPER=/usr/lib/gcc/x86_64-unknown-linux-gnu/5.3.0/lto-wrapper
Target: x86_64-unknown-linux-gnu
Configured with: /build/gcc/src/gcc-5-20160209/configure --prefix=/usr --libdir=/usr/lib --libexecdir=/usr/lib --mandir=/usr/share/man --infodir=/usr/share/info --with-bugurl=https://bugs.archlinux.org/ --enable-languages=c,c++,ada,fortran,go,lto,objc,obj-c++ --enable-shared --enable-threads=posix --enable-libmpx --with-system-zlib --with-isl --enable-__cxa_atexit --disable-libunwind-exceptions --enable-clocale=gnu --disable-libstdcxx-pch --disable-libssp --enable-gnu-unique-object --enable-linker-build-id --enable-lto --enable-plugin --enable-install-libiberty --with-linker-hash-style=gnu --enable-gnu-indirect-function --disable-multilib --disable-werror --enable-checking=release
Thread model: posix
gcc version 5.3.0 (GCC) 
configure:4899: $? = 0
configure:4888: gcc -V >&5
gcc: error: unrecognized command line option '-V'
gcc: fatal error: no input files
compilation terminated.
configure:4899: $? = 1
configure:4888: gcc -qversion >&5
gcc: error: unrecognized command line option '-qversion'
gcc: fatal error: no input files
compilation terminated.
configure:4899: $? = 1
configure:4903: checking whether we are using the GNU C compiler
configure:4931: result: yes
configure:4940: checking whether gcc accepts -g
configure:5001: result: yes
configure:5018: checking for gcc option to accept ISO C89
configure:5094: result: none needed
configure:5119: checking whether gcc understands -c and -o together
configure:5156: result: yes
configure:5175: checking dependency style of gcc
configure:5286: result: gcc3
configure:5360: checking for g++
configure:5376: found /usr/lib/ccache/bin/g++
configure:5387: result: g++
configure:5414: checking for C++ compiler version
configure:5423: g++ --version >&5
g++ (GCC) 5.3.0
Copyright (C) 2015 Free Software Foundation, Inc.
This is free software; see the source for copying conditions.  There is NO
warranty; not even for MERCHANTABILITY or FITNESS FOR A PARTICULAR PURPOSE.

configure:5434: $? = 0
configure:5423: g++ -v >&5
Using built-in specs.
COLLECT_GCC=/usr/bin/g++
COLLECT_LTO_WRAPPER=/usr/lib/gcc/x86_64-unknown-linux-gnu/5.3.0/lto-wrapper
Target: x86_64-unknown-linux-gnu
Configured with: /build/gcc/src/gcc-5-20160209/configure --prefix=/usr --libdir=/usr/lib --libexecdir=/usr/lib --mandir=/usr/share/man --infodir=/usr/share/info --with-bugurl=https://bugs.archlinux.org/ --enable-languages=c,c++,ada,fortran,go,lto,objc,obj-c++ --enable-shared --enable-threads=posix --enable-libmpx --with-system-zlib --with-isl --enable-__cxa_atexit --disable-libunwind-exceptions --enable-clocale=gnu --disable-libstdcxx-pch --disable-libssp --enable-gnu-unique-object --enable-linker-build-id --enable-lto --enable-plugin --enable-install-libiberty --with-linker-hash-style=gnu --enable-gnu-indirect-function --disable-multilib --disable-werror --enable-checking=release
Thread model: posix
gcc version 5.3.0 (GCC) 
configure:5434: $? = 0
configure:5423: g++ -V >&5
g++: error: unrecognized command line option '-V'
g++: fatal error: no input files
compilation terminated.
configure:5434: $? = 1
configure:5423: g++ -qversion >&5
g++: error: unrecognized command line option '-qversion'
g++: fatal error: no input files
compilation terminated.
configure:5434: $? = 1
configure:5438: checking whether we are using the GNU C++ compiler
configure:5457: g++ -c -Wall -g  conftest.cpp >&5
configure:5457: $? = 0
configure:5466: result: yes
configure:5475: checking whether g++ accepts -g
configure:5495: g++ -c -g  conftest.cpp >&5
configure:5495: $? = 0
configure:5536: result: yes
configure:5561: checking dependency style of g++
configure:5672: result: gcc3
configure:5717: checking build system type
configure:5731: result: x86_64-unknown-linux-gnu
configure:5751: checking host system type
configure:5764: result: x86_64-unknown-linux-gnu
configure:5805: checking how to print strings
configure:5832: result: printf
configure:5853: checking for a sed that does not truncate output
configure:5917: result: /usr/bin/sed
configure:5935: checking for fgrep
configure:5997: result: /usr/bin/grep -F
configure:6032: checking for ld used by gcc
configure:6099: result: /usr/bin/ld
configure:6106: checking if the linker (/usr/bin/ld) is GNU ld
configure:6121: result: yes
configure:6133: checking for BSD- or MS-compatible name lister (nm)
configure:6182: result: /usr/bin/nm -B
configure:6312: checking the name lister (/usr/bin/nm -B) interface
configure:6319: gcc -c -Wall -g  conftest.c >&5
configure:6322: /usr/bin/nm -B "conftest.o"
configure:6325: output
0000000000000000 B some_variable
configure:6332: result: BSD nm
configure:6335: checking whether ln -s works
configure:6339: result: yes
configure:6347: checking the maximum length of command line arguments
configure:6478: result: 1572864
configure:6495: checking whether the shell understands some XSI constructs
configure:6505: result: yes
configure:6509: checking whether the shell understands "+="
configure:6515: result: yes
configure:6550: checking how to convert x86_64-unknown-linux-gnu file names to x86_64-unknown-linux-gnu format
configure:6590: result: func_convert_file_noop
configure:6597: checking how to convert x86_64-unknown-linux-gnu file names to toolchain format
configure:6617: result: func_convert_file_noop
configure:6624: checking for /usr/bin/ld option to reload object files
configure:6631: result: -r
configure:6705: checking for objdump
configure:6721: found /usr/bin/objdump
configure:6732: result: objdump
configure:6764: checking how to recognize dependent libraries
configure:6962: result: pass_all
configure:7047: checking for dlltool
configure:7077: result: no
configure:7107: checking how to associate runtime and link libraries
configure:7134: result: printf %s\n
configure:7194: checking for ar
configure:7210: found /usr/bin/ar
configure:7221: result: ar
configure:7258: checking for archiver @FILE support
configure:7275: gcc -c -Wall -g  conftest.c >&5
configure:7275: $? = 0
configure:7278: ar cru libconftest.a @conftest.lst >&5
ar: `u' modifier ignored since `D' is the default (see `U')
configure:7281: $? = 0
configure:7286: ar cru libconftest.a @conftest.lst >&5
ar: `u' modifier ignored since `D' is the default (see `U')
ar: conftest.o: No such file or directory
configure:7289: $? = 1
configure:7301: result: @
configure:7359: checking for strip
configure:7375: found /usr/bin/strip
configure:7386: result: strip
configure:7458: checking for ranlib
configure:7474: found /usr/bin/ranlib
configure:7485: result: ranlib
configure:7587: checking command to parse /usr/bin/nm -B output from gcc object
configure:7707: gcc -c -Wall -g  conftest.c >&5
configure:7710: $? = 0
configure:7714: /usr/bin/nm -B conftest.o \| sed -n -e 's/^.*[ ]\([ABCDGIRSTW][ABCDGIRSTW]*\)[ ][ ]*\([_A-Za-z][_A-Za-z0-9]*\)$/\1 \2 \2/p' | sed '/ __gnu_lto/d' \> conftest.nm
configure:7717: $? = 0
configure:7783: gcc -o conftest -Wall -g   conftest.c conftstm.o >&5
configure:7786: $? = 0
configure:7824: result: ok
configure:7861: checking for sysroot
configure:7891: result: no
configure:7968: gcc -c -Wall -g  conftest.c >&5
configure:7971: $? = 0
configure:8160: checking for mt
configure:8190: result: no
configure:8210: checking if : is a manifest tool
configure:8216: : '-?'
configure:8224: result: no
configure:8863: checking for dlfcn.h
configure:8863: gcc -c -Wall -g  conftest.c >&5
configure:8863: $? = 0
configure:8863: result: yes
configure:9080: checking for objdir
configure:9095: result: .libs
configure:9366: checking if gcc supports -fno-rtti -fno-exceptions
configure:9384: gcc -c -Wall -g  -fno-rtti -fno-exceptions conftest.c >&5
cc1: warning: command line option '-fno-rtti' is valid for C++/ObjC++ but not for C
cc1: warning: command line option '-fno-rtti' is valid for C++/ObjC++ but not for C
configure:9388: $? = 0
configure:9401: result: no
configure:9728: checking for gcc option to produce PIC
configure:9735: result: -fPIC -DPIC
configure:9743: checking if gcc PIC flag -fPIC -DPIC works
configure:9761: gcc -c -Wall -g  -fPIC -DPIC -DPIC conftest.c >&5
configure:9765: $? = 0
configure:9778: result: yes
configure:9807: checking if gcc static flag -static works
configure:9835: result: yes
configure:9850: checking if gcc supports -c -o file.o
configure:9871: gcc -c -Wall -g  -o out/conftest2.o conftest.c >&5
configure:9875: $? = 0
configure:9897: result: yes
configure:9905: checking if gcc supports -c -o file.o
configure:9952: result: yes
configure:9985: checking whether the gcc linker (/usr/bin/ld -m elf_x86_64) supports shared libraries
configure:11142: result: yes
configure:11179: checking whether -lc should be explicitly linked in
configure:11187: gcc -c -Wall -g  conftest.c >&5
configure:11190: $? = 0
configure:11205: gcc -shared  -fPIC -DPIC conftest.o  -v -Wl,-soname -Wl,conftest -o conftest 2\>\&1 \| /usr/bin/grep  -lc  \>/dev/null 2\>\&1
configure:11208: $? = 0
configure:11222: result: no
configure:11382: checking dynamic linker characteristics
configure:11882: gcc -o conftest -Wall -g   -Wl,-rpath -Wl,/foo conftest.c  >&5
configure:11882: $? = 0
configure:12116: result: GNU/Linux ld.so
configure:12223: checking how to hardcode library paths into programs
configure:12248: result: immediate
configure:12788: checking whether stripping libraries is possible
configure:12793: result: yes
configure:12828: checking if libtool supports shared libraries
configure:12830: result: yes
configure:12833: checking whether to build shared libraries
configure:12854: result: yes
configure:12857: checking whether to build static libraries
configure:12861: result: yes
configure:12884: checking how to run the C++ preprocessor
configure:12911: g++ -E  conftest.cpp
configure:12911: $? = 0
configure:12925: g++ -E  conftest.cpp
conftest.cpp:24:28: fatal error: ac_nonexistent.h: No such file or directory
compilation terminated.
configure:12925: $? = 1
configure: failed program was:
| /* confdefs.h */
| #define PACKAGE_NAME "colm"
| #define PACKAGE_TARNAME "colm"
| #define PACKAGE_VERSION "0.13.0.3"
| #define PACKAGE_STRING "colm 0.13.0.3"
| #define PACKAGE_BUGREPORT ""
| #define PACKAGE_URL ""
| #define PACKAGE "colm"
| #define VERSION "0.13.0.3"
| #define STDC_HEADERS 1
| #define HAVE_SYS_TYPES_H 1
| #define HAVE_SYS_STAT_H 1
| #define HAVE_STDLIB_H 1
| #define HAVE_STRING_H 1
| #define HAVE_MEMORY_H 1
| #define HAVE_STRINGS_H 1
| #define HAVE_INTTYPES_H 1
| #define HAVE_STDINT_H 1
| #define HAVE_UNISTD_H 1
| #define SIZEOF_LONG 8
| #define HAVE_DLFCN_H 1
| #define LT_OBJDIR ".libs/"
| /* end confdefs.h.  */
| #include <ac_nonexistent.h>
configure:12950: result: g++ -E
configure:12970: g++ -E  conftest.cpp
configure:12970: $? = 0
configure:12984: g++ -E  conftest.cpp
conftest.cpp:24:28: fatal error: ac_nonexistent.h: No such file or directory
compilation terminated.
configure:12984: $? = 1
configure: failed program was:
| /* confdefs.h */
| #define PACKAGE_NAME "colm"
| #define PACKAGE_TARNAME "colm"
| #define PACKAGE_VERSION "0.13.0.3"
| #define PACKAGE_STRING "colm 0.13.0.3"
| #define PACKAGE_BUGREPORT ""
| #define PACKAGE_URL ""
| #define PACKAGE "colm"
| #define VERSION "0.13.0.3"
| #define STDC_HEADERS 1
| #define HAVE_SYS_TYPES_H 1
| #define HAVE_SYS_STAT_H 1
| #define HAVE_STDLIB_H 1
| #define HAVE_STRING_H 1
| #define HAVE_MEMORY_H 1
| #define HAVE_STRINGS_H 1
| #define HAVE_INTTYPES_H 1
| #define HAVE_STDINT_H 1
| #define HAVE_UNISTD_H 1
| #define SIZEOF_LONG 8
| #define HAVE_DLFCN_H 1
| #define LT_OBJDIR ".libs/"
| /* end confdefs.h.  */
| #include <ac_nonexistent.h>
configure:13153: checking for ld used by g++
configure:13220: result: /usr/bin/ld -m elf_x86_64
configure:13227: checking if the linker (/usr/bin/ld -m elf_x86_64) is GNU ld
configure:13242: result: yes
configure:13297: checking whether the g++ linker (/usr/bin/ld -m elf_x86_64) supports shared libraries
configure:14299: result: yes
configure:14335: g++ -c -Wall -g  conftest.cpp >&5
configure:14338: $? = 0
configure:14858: checking for g++ option to produce PIC
configure:14865: result: -fPIC -DPIC
configure:14873: checking if g++ PIC flag -fPIC -DPIC works
configure:14891: g++ -c -Wall -g  -fPIC -DPIC -DPIC conftest.cpp >&5
configure:14895: $? = 0
configure:14908: result: yes
configure:14931: checking if g++ static flag -static works
configure:14959: result: yes
configure:14971: checking if g++ supports -c -o file.o
configure:14992: g++ -c -Wall -g  -o out/conftest2.o conftest.cpp >&5
configure:14996: $? = 0
configure:15018: result: yes
configure:15023: checking if g++ supports -c -o file.o
configure:15070: result: yes
configure:15100: checking whether the g++ linker (/usr/bin/ld -m elf_x86_64) supports shared libraries
configure:15139: result: yes
configure:15280: checking dynamic linker characteristics
configure:15948: result: GNU/Linux ld.so
configure:16001: checking how to hardcode library paths into programs
configure:16026: result: immediate
configure:16095: checking whether make sets $(MAKE)
configure:16117: result: yes
configure:16254: checking that generated files are newer than configure
configure:16260: result: done
configure:16295: creating ./config.status

## ---------------------- ##
## Running config.status. ##
## ---------------------- ##

This file was extended by colm config.status 0.13.0.3, which was
generated by GNU Autoconf 2.69.  Invocation command line was

  CONFIG_FILES    = 
  CONFIG_HEADERS  = 
  CONFIG_LINKS    = 
  CONFIG_COMMANDS = 
  $ ./config.status 

on starship

config.status:1150: creating Makefile
config.status:1150: creating src/Makefile
config.status:1150: creating aapl/Makefile
config.status:1150: creating src/config.h
config.status:1331: src/config.h is unchanged
config.status:1150: creating src/defs.h
config.status:1331: src/defs.h is unchanged
config.status:1379: executing depfiles commands
config.status:1379: executing libtool commands

## ---------------- ##
## Cache variables. ##
## ---------------- ##

ac_cv_build=x86_64-unknown-linux-gnu
ac_cv_c_compiler_gnu=yes
ac_cv_cxx_compiler_gnu=yes
ac_cv_env_CCC_set=
ac_cv_env_CCC_value=
ac_cv_env_CC_set=
ac_cv_env_CC_value=
ac_cv_env_CFLAGS_set=
ac_cv_env_CFLAGS_value=
ac_cv_env_CPPFLAGS_set=
ac_cv_env_CPPFLAGS_value=
ac_cv_env_CPP_set=
ac_cv_env_CPP_value=
ac_cv_env_CXXCPP_set=
ac_cv_env_CXXCPP_value=
ac_cv_env_CXXFLAGS_set=
ac_cv_env_CXXFLAGS_value=
ac_cv_env_CXX_set=
ac_cv_env_CXX_value=
ac_cv_env_LDFLAGS_set=
ac_cv_env_LDFLAGS_value=
ac_cv_env_LIBS_set=
ac_cv_env_LIBS_value=
ac_cv_env_build_alias_set=
ac_cv_env_build_alias_value=
ac_cv_env_host_alias_set=
ac_cv_env_host_alias_value=
ac_cv_env_target_alias_set=
ac_cv_env_target_alias_value=
ac_cv_file___DIST=no
ac_cv_header_dlfcn_h=yes
ac_cv_header_inttypes_h=yes
ac_cv_header_memory_h=yes
ac_cv_header_stdc=yes
ac_cv_header_stdint_h=yes
ac_cv_header_stdlib_h=yes
ac_cv_header_string_h=yes
ac_cv_header_strings_h=yes
ac_cv_header_sys_stat_h=yes
ac_cv_header_sys_types_h=yes
ac_cv_header_unistd_h=yes
ac_cv_host=x86_64-unknown-linux-gnu
ac_cv_objext=o
ac_cv_path_EGREP='/usr/bin/grep -E'
ac_cv_path_FGREP='/usr/bin/grep -F'
ac_cv_path_GREP=/usr/bin/grep
ac_cv_path_SED=/usr/bin/sed
ac_cv_path_install='/usr/bin/install -c'
ac_cv_path_mkdir=/usr/bin/mkdir
ac_cv_prog_AWK=gawk
ac_cv_prog_CPP='gcc -E'
ac_cv_prog_CXXCPP='g++ -E'
ac_cv_prog_ac_ct_AR=ar
ac_cv_prog_ac_ct_CC=gcc
ac_cv_prog_ac_ct_CXX=g++
ac_cv_prog_ac_ct_OBJDUMP=objdump
ac_cv_prog_ac_ct_RANLIB=ranlib
ac_cv_prog_ac_ct_STRIP=strip
ac_cv_prog_cc_c89=
ac_cv_prog_cc_g=yes
ac_cv_prog_cxx_g=yes
ac_cv_prog_make_make_set=yes
ac_cv_sizeof_long=8
am_cv_CC_dependencies_compiler_type=gcc3
am_cv_CXX_dependencies_compiler_type=gcc3
am_cv_make_support_nested_variables=yes
am_cv_prog_cc_c_o=yes
lt_cv_ar_at_file=@
lt_cv_archive_cmds_need_lc=no
lt_cv_deplibs_check_method=pass_all
lt_cv_file_magic_cmd='$MAGIC_CMD'
lt_cv_file_magic_test_file=
lt_cv_ld_reload_flag=-r
lt_cv_nm_interface='BSD nm'
lt_cv_objdir=.libs
lt_cv_path_LD=/usr/bin/ld
lt_cv_path_LDCXX='/usr/bin/ld -m elf_x86_64'
lt_cv_path_NM='/usr/bin/nm -B'
lt_cv_path_mainfest_tool=no
lt_cv_prog_compiler_c_o=yes
lt_cv_prog_compiler_c_o_CXX=yes
lt_cv_prog_compiler_pic='-fPIC -DPIC'
lt_cv_prog_compiler_pic_CXX='-fPIC -DPIC'
lt_cv_prog_compiler_pic_works=yes
lt_cv_prog_compiler_pic_works_CXX=yes
lt_cv_prog_compiler_rtti_exceptions=no
lt_cv_prog_compiler_static_works=yes
lt_cv_prog_compiler_static_works_CXX=yes
lt_cv_prog_gnu_ld=yes
lt_cv_prog_gnu_ldcxx=yes
lt_cv_sharedlib_from_linklib_cmd='printf %s\n'
lt_cv_shlibpath_overrides_runpath=no
lt_cv_sys_global_symbol_pipe='sed -n -e '\''s/^.*[	 ]\([ABCDGIRSTW][ABCDGIRSTW]*\)[	 ][	 ]*\([_A-Za-z][_A-Za-z0-9]*\)$/\1 \2 \2/p'\'' | sed '\''/ __gnu_lto/d'\'''
lt_cv_sys_global_symbol_to_c_name_address='sed -n -e '\''s/^: \([^ ]*\)[ ]*$/  {\"\1\", (void *) 0},/p'\'' -e '\''s/^[ABCDGIRSTW]* \([^ ]*\) \([^ ]*\)$/  {"\2", (void *) \&\2},/p'\'''
lt_cv_sys_global_symbol_to_c_name_address_lib_prefix='sed -n -e '\''s/^: \([^ ]*\)[ ]*$/  {\"\1\", (void *) 0},/p'\'' -e '\''s/^[ABCDGIRSTW]* \([^ ]*\) \(lib[^ ]*\)$/  {"\2", (void *) \&\2},/p'\'' -e '\''s/^[ABCDGIRSTW]* \([^ ]*\) \([^ ]*\)$/  {"lib\2", (void *) \&\2},/p'\'''
lt_cv_sys_global_symbol_to_cdecl='sed -n -e '\''s/^T .* \(.*\)$/extern int \1();/p'\'' -e '\''s/^[ABCDGIRSTW]* .* \(.*\)$/extern char \1;/p'\'''
lt_cv_sys_max_cmd_len=1572864
lt_cv_to_host_file_cmd=func_convert_file_noop
lt_cv_to_tool_file_cmd=func_convert_file_noop

## ----------------- ##
## Output variables. ##
## ----------------- ##

ACLOCAL='${SHELL} /home/tony/projects/spikes/ragel-parsers/colm-0.13.0.3/missing aclocal-1.14'
AMDEPBACKSLASH='\'
AMDEP_FALSE='#'
AMDEP_TRUE=''
AMTAR='$${TAR-tar}'
AM_BACKSLASH='\'
AM_DEFAULT_V='$(AM_DEFAULT_VERBOSITY)'
AM_DEFAULT_VERBOSITY='1'
AM_V='$(V)'
AR='ar'
AUTOCONF='${SHELL} /home/tony/projects/spikes/ragel-parsers/colm-0.13.0.3/missing autoconf'
AUTOHEADER='${SHELL} /home/tony/projects/spikes/ragel-parsers/colm-0.13.0.3/missing autoheader'
AUTOMAKE='${SHELL} /home/tony/projects/spikes/ragel-parsers/colm-0.13.0.3/missing automake-1.14'
AWK='gawk'
BUILD_MANUAL_FALSE='#'
BUILD_MANUAL_TRUE=''
CC='gcc'
CCDEPMODE='depmode=gcc3'
CFLAGS='-Wall -g'
CPP='gcc -E'
CPPFLAGS=''
CXX='g++'
CXXCPP='g++ -E'
CXXDEPMODE='depmode=gcc3'
CXXFLAGS='-Wall -g'
CYGPATH_W='echo'
DEFS='-DHAVE_CONFIG_H'
DEPDIR='.deps'
DLLTOOL='false'
DSYMUTIL=''
DUMPBIN=''
ECHO_C=''
ECHO_N='-n'
ECHO_T=''
EGREP='/usr/bin/grep -E'
EXEEXT=''
FGREP='/usr/bin/grep -F'
GREP='/usr/bin/grep'
INSTALL_DATA='${INSTALL} -m 644'
INSTALL_PROGRAM='${INSTALL}'
INSTALL_SCRIPT='${INSTALL}'
INSTALL_STRIP_PROGRAM='$(install_sh) -c -s'
LD='/usr/bin/ld -m elf_x86_64'
LDFLAGS=''
LIBOBJS=''
LIBS=''
LIBTOOL='$(SHELL) $(top_builddir)/libtool'
LIPO=''
LN_S='ln -s'
LTLIBOBJS=''
MAKEINFO='${SHELL} /home/tony/projects/spikes/ragel-parsers/colm-0.13.0.3/missing makeinfo'
MANIFEST_TOOL=':'
MKDIR_P='/usr/bin/mkdir -p'
NM='/usr/bin/nm -B'
NMEDIT=''
OBJDUMP='objdump'
OBJEXT='o'
OTOOL64=''
OTOOL=''
PACKAGE='colm'
PACKAGE_BUGREPORT=''
PACKAGE_NAME='colm'
PACKAGE_STRING='colm 0.13.0.3'
PACKAGE_TARNAME='colm'
PACKAGE_URL=''
PACKAGE_VERSION='0.13.0.3'
PATH_SEPARATOR=':'
PUBDATE='Jan 2016'
RANLIB='ranlib'
SED='/usr/bin/sed'
SET_MAKE=''
SHELL='/bin/sh'
STRIP='strip'
VERSION='0.13.0.3'
ac_ct_AR='ar'
ac_ct_CC='gcc'
ac_ct_CXX='g++'
ac_ct_DUMPBIN=''
am__EXEEXT_FALSE=''
am__EXEEXT_TRUE='#'
am__fastdepCC_FALSE='#'
am__fastdepCC_TRUE=''
am__fastdepCXX_FALSE='#'
am__fastdepCXX_TRUE=''
am__include='include'
am__isrc=''
am__leading_dot='.'
am__nodep='_no'
am__quote=''
am__tar='$${TAR-tar} chof - "$$tardir"'
am__untar='$${TAR-tar} xf -'
bindir='${exec_prefix}/bin'
build='x86_64-unknown-linux-gnu'
build_alias=''
build_cpu='x86_64'
build_os='linux-gnu'
build_vendor='unknown'
datadir='${datarootdir}'
datarootdir='${prefix}/share'
docdir='${datarootdir}/doc/${PACKAGE_TARNAME}'
dvidir='${docdir}'
exec_prefix='${prefix}'
host='x86_64-unknown-linux-gnu'
host_alias=''
host_cpu='x86_64'
host_os='linux-gnu'
host_vendor='unknown'
htmldir='${docdir}'
includedir='${prefix}/include'
infodir='${datarootdir}/info'
install_sh='${SHELL} /home/tony/projects/spikes/ragel-parsers/colm-0.13.0.3/install-sh'
libdir='${exec_prefix}/lib'
libexecdir='${exec_prefix}/libexec'
localedir='${datarootdir}/locale'
localstatedir='${prefix}/var'
mandir='${datarootdir}/man'
mkdir_p='$(MKDIR_P)'
oldincludedir='/usr/include'
pdfdir='${docdir}'
prefix='/home/tony/projects/spikes/ragel-parsers/tools'
program_transform_name='s,x,x,'
psdir='${docdir}'
sbindir='${exec_prefix}/sbin'
sharedstatedir='${prefix}/com'
sysconfdir='${prefix}/etc'
target_alias=''

## ----------- ##
## confdefs.h. ##
## ----------- ##

/* confdefs.h */
#define PACKAGE_NAME "colm"
#define PACKAGE_TARNAME "colm"
#define PACKAGE_VERSION "0.13.0.3"
#define PACKAGE_STRING "colm 0.13.0.3"
#define PACKAGE_BUGREPORT ""
#define PACKAGE_URL ""
#define PACKAGE "colm"
#define VERSION "0.13.0.3"
#define STDC_HEADERS 1
#define HAVE_SYS_TYPES_H 1
#define HAVE_SYS_STAT_H 1
#define HAVE_STDLIB_H 1
#define HAVE_STRING_H 1
#define HAVE_MEMORY_H 1
#define HAVE_STRINGS_H 1
#define HAVE_INTTYPES_H 1
#define HAVE_STDINT_H 1
#define HAVE_UNISTD_H 1
#define SIZEOF_LONG 8
#define HAVE_DLFCN_H 1
#define LT_OBJDIR ".libs/"

configure: exit 0
