This file contains any messages produced by compilers while
running configure, to aid debugging if configure makes a mistake.

It was created by ragel configure 6.9, which was
generated by GNU Autoconf 2.69.  Invocation command line was

  $ ./configure --prefix=/home/tony/projects/spikes/ragel-parsers/tools

## --------- ##
## Platform. ##
## --------- ##

hostname = starship
uname -m = x86_64
uname -r = 4.4.1-2-ARCH
uname -s = Linux
uname -v = #1 SMP PREEMPT Wed Feb 3 13:12:33 UTC 2016

/usr/bin/uname -p = unknown
/bin/uname -X     = unknown

/bin/arch              = unknown
/usr/bin/arch -k       = unknown
/usr/convex/getsysinfo = unknown
/usr/bin/hostinfo      = unknown
/bin/machine           = unknown
/usr/bin/oslevel       = unknown
/bin/universe          = unknown

PATH: /home/tony/perl5/bin
PATH: /home/tony/.rakudobrew/bin
PATH: /home/tony/.gem/bin
PATH: /home/tony/.gem/ruby/2.3.0/bin
PATH: /home/tony/bin
PATH: /home/tony/bin/1pass
PATH: /home/tony/bin/node_modules/.bin
PATH: /usr/lib/ccache/bin
PATH: /home/tony/tools/apache-jena-3.0.0/bin
PATH: /home/tony/bin/gopath/bin
PATH: /usr/local/sbin
PATH: /usr/local/bin
PATH: /usr/bin
PATH: /usr/lib/jvm/default/bin
PATH: /usr/bin/site_perl
PATH: /usr/bin/vendor_perl
PATH: /usr/bin/core_perl


## ----------- ##
## Core tests. ##
## ----------- ##

configure:1899: checking for a BSD-compatible install
configure:1967: result: /usr/bin/install -c
configure:1978: checking whether build environment is sane
configure:2033: result: yes
configure:2184: checking for a thread-safe mkdir -p
configure:2223: result: /usr/bin/mkdir -p
configure:2230: checking for gawk
configure:2246: found /usr/bin/gawk
configure:2257: result: gawk
configure:2268: checking whether make sets $(MAKE)
configure:2290: result: yes
configure:2319: checking whether make supports nested variables
configure:2336: result: yes
configure:2552: checking for gcc
configure:2568: found /usr/lib/ccache/bin/gcc
configure:2579: result: gcc
configure:2808: checking for C compiler version
configure:2817: gcc --version >&5
gcc (GCC) 5.3.0
Copyright (C) 2015 Free Software Foundation, Inc.
This is free software; see the source for copying conditions.  There is NO
warranty; not even for MERCHANTABILITY or FITNESS FOR A PARTICULAR PURPOSE.

configure:2828: $? = 0
configure:2817: gcc -v >&5
Using built-in specs.
COLLECT_GCC=/usr/bin/gcc
COLLECT_LTO_WRAPPER=/usr/lib/gcc/x86_64-unknown-linux-gnu/5.3.0/lto-wrapper
Target: x86_64-unknown-linux-gnu
Configured with: /build/gcc/src/gcc-5-20160209/configure --prefix=/usr --libdir=/usr/lib --libexecdir=/usr/lib --mandir=/usr/share/man --infodir=/usr/share/info --with-bugurl=https://bugs.archlinux.org/ --enable-languages=c,c++,ada,fortran,go,lto,objc,obj-c++ --enable-shared --enable-threads=posix --enable-libmpx --with-system-zlib --with-isl --enable-__cxa_atexit --disable-libunwind-exceptions --enable-clocale=gnu --disable-libstdcxx-pch --disable-libssp --enable-gnu-unique-object --enable-linker-build-id --enable-lto --enable-plugin --enable-install-libiberty --with-linker-hash-style=gnu --enable-gnu-indirect-function --disable-multilib --disable-werror --enable-checking=release
Thread model: posix
gcc version 5.3.0 (GCC) 
configure:2828: $? = 0
configure:2817: gcc -V >&5
gcc: error: unrecognized command line option '-V'
gcc: fatal error: no input files
compilation terminated.
configure:2828: $? = 1
configure:2817: gcc -qversion >&5
gcc: error: unrecognized command line option '-qversion'
gcc: fatal error: no input files
compilation terminated.
configure:2828: $? = 1
configure:2848: checking whether the C compiler works
configure:2870: gcc    conftest.c  >&5
configure:2874: $? = 0
configure:2922: result: yes
configure:2925: checking for C compiler default output file name
configure:2927: result: a.out
configure:2933: checking for suffix of executables
configure:2940: gcc -o conftest    conftest.c  >&5
configure:2944: $? = 0
configure:2966: result: 
configure:2988: checking whether we are cross compiling
configure:2996: gcc -o conftest    conftest.c  >&5
configure:3000: $? = 0
configure:3007: ./conftest
configure:3011: $? = 0
configure:3026: result: no
configure:3031: checking for suffix of object files
configure:3053: gcc -c   conftest.c >&5
configure:3057: $? = 0
configure:3078: result: o
configure:3082: checking whether we are using the GNU C compiler
configure:3101: gcc -c   conftest.c >&5
configure:3101: $? = 0
configure:3110: result: yes
configure:3119: checking whether gcc accepts -g
configure:3139: gcc -c -g  conftest.c >&5
configure:3139: $? = 0
configure:3180: result: yes
configure:3197: checking for gcc option to accept ISO C89
configure:3260: gcc  -c -g -O2  conftest.c >&5
configure:3260: $? = 0
configure:3273: result: none needed
configure:3298: checking whether gcc understands -c and -o together
configure:3320: gcc -c conftest.c -o conftest2.o
configure:3323: $? = 0
configure:3320: gcc -c conftest.c -o conftest2.o
configure:3323: $? = 0
configure:3335: result: yes
configure:3363: checking for style of include used by make
configure:3391: result: GNU
configure:3417: checking dependency style of gcc
configure:3528: result: gcc3
configure:3601: checking for g++
configure:3617: found /usr/lib/ccache/bin/g++
configure:3628: result: g++
configure:3655: checking for C++ compiler version
configure:3664: g++ --version >&5
g++ (GCC) 5.3.0
Copyright (C) 2015 Free Software Foundation, Inc.
This is free software; see the source for copying conditions.  There is NO
warranty; not even for MERCHANTABILITY or FITNESS FOR A PARTICULAR PURPOSE.

configure:3675: $? = 0
configure:3664: g++ -v >&5
Using built-in specs.
COLLECT_GCC=/usr/bin/g++
COLLECT_LTO_WRAPPER=/usr/lib/gcc/x86_64-unknown-linux-gnu/5.3.0/lto-wrapper
Target: x86_64-unknown-linux-gnu
Configured with: /build/gcc/src/gcc-5-20160209/configure --prefix=/usr --libdir=/usr/lib --libexecdir=/usr/lib --mandir=/usr/share/man --infodir=/usr/share/info --with-bugurl=https://bugs.archlinux.org/ --enable-languages=c,c++,ada,fortran,go,lto,objc,obj-c++ --enable-shared --enable-threads=posix --enable-libmpx --with-system-zlib --with-isl --enable-__cxa_atexit --disable-libunwind-exceptions --enable-clocale=gnu --disable-libstdcxx-pch --disable-libssp --enable-gnu-unique-object --enable-linker-build-id --enable-lto --enable-plugin --enable-install-libiberty --with-linker-hash-style=gnu --enable-gnu-indirect-function --disable-multilib --disable-werror --enable-checking=release
Thread model: posix
gcc version 5.3.0 (GCC) 
configure:3675: $? = 0
configure:3664: g++ -V >&5
g++: error: unrecognized command line option '-V'
g++: fatal error: no input files
compilation terminated.
configure:3675: $? = 1
configure:3664: g++ -qversion >&5
g++: error: unrecognized command line option '-qversion'
g++: fatal error: no input files
compilation terminated.
configure:3675: $? = 1
configure:3679: checking whether we are using the GNU C++ compiler
configure:3698: g++ -c   conftest.cpp >&5
configure:3698: $? = 0
configure:3707: result: yes
configure:3716: checking whether g++ accepts -g
configure:3736: g++ -c -g  conftest.cpp >&5
configure:3736: $? = 0
configure:3777: result: yes
configure:3802: checking dependency style of g++
configure:3913: result: gcc3
configure:3971: checking for ar
configure:3987: found /usr/bin/ar
configure:3998: result: ar
configure:4063: checking for ranlib
configure:4079: found /usr/bin/ranlib
configure:4090: result: ranlib
configure:4120: checking whether make sets $(MAKE)
configure:4142: result: yes
configure:4340: checking for gdc
configure:4370: result: no
configure:4376: checking for the Objective-C compiler
configure:4387: result: no
configure:4394: checking for javac
configure:4410: found /usr/bin/javac
configure:4421: result: javac
configure:4432: checking for txl
configure:4462: result: no
configure:4470: checking for ruby
configure:4486: found /usr/bin/ruby
configure:4497: result: ruby
configure:4508: checking for gmcs
configure:4538: result: no
configure:4546: checking for go
configure:4576: result: no
configure:4695: checking that generated files are newer than configure
configure:4701: result: done
configure:4736: creating ./config.status

## ---------------------- ##
## Running config.status. ##
## ---------------------- ##

This file was extended by ragel config.status 6.9, which was
generated by GNU Autoconf 2.69.  Invocation command line was

  CONFIG_FILES    = 
  CONFIG_HEADERS  = 
  CONFIG_LINKS    = 
  CONFIG_COMMANDS = 
  $ ./config.status 

on starship

config.status:872: creating Makefile
config.status:872: creating ragel/Makefile
config.status:872: creating aapl/Makefile
config.status:872: creating doc/Makefile
config.status:872: creating doc/ragel.1
config.status:872: creating contrib/Makefile
config.status:872: creating test/Makefile
config.status:872: creating test/runtests
config.status:872: creating examples/Makefile
config.status:872: creating ragel/config.h
config.status:1101: executing depfiles commands
config.status:1101: executing default commands

## ---------------- ##
## Cache variables. ##
## ---------------- ##

ac_cv_c_compiler_gnu=yes
ac_cv_cxx_compiler_gnu=yes
ac_cv_env_CCC_set=
ac_cv_env_CCC_value=
ac_cv_env_CC_set=
ac_cv_env_CC_value=
ac_cv_env_CFLAGS_set=
ac_cv_env_CFLAGS_value=
ac_cv_env_CPPFLAGS_set=
ac_cv_env_CPPFLAGS_value=
ac_cv_env_CXXFLAGS_set=
ac_cv_env_CXXFLAGS_value=
ac_cv_env_CXX_set=
ac_cv_env_CXX_value=
ac_cv_env_LDFLAGS_set=
ac_cv_env_LDFLAGS_value=
ac_cv_env_LIBS_set=
ac_cv_env_LIBS_value=
ac_cv_env_build_alias_set=
ac_cv_env_build_alias_value=
ac_cv_env_host_alias_set=
ac_cv_env_host_alias_value=
ac_cv_env_target_alias_set=
ac_cv_env_target_alias_value=
ac_cv_objext=o
ac_cv_path_install='/usr/bin/install -c'
ac_cv_path_mkdir=/usr/bin/mkdir
ac_cv_prog_AWK=gawk
ac_cv_prog_JAVAC=javac
ac_cv_prog_RUBY=ruby
ac_cv_prog_ac_ct_AR=ar
ac_cv_prog_ac_ct_CC=gcc
ac_cv_prog_ac_ct_CXX=g++
ac_cv_prog_ac_ct_RANLIB=ranlib
ac_cv_prog_cc_c89=
ac_cv_prog_cc_g=yes
ac_cv_prog_cxx_g=yes
ac_cv_prog_make_make_set=yes
am_cv_CC_dependencies_compiler_type=gcc3
am_cv_CXX_dependencies_compiler_type=gcc3
am_cv_make_support_nested_variables=yes
am_cv_prog_cc_c_o=yes

## ----------------- ##
## Output variables. ##
## ----------------- ##

ACLOCAL='${SHELL} /home/tony/projects/spikes/ragel-parsers/ragel-6.9/missing aclocal-1.14'
AMDEPBACKSLASH='\'
AMDEP_FALSE='#'
AMDEP_TRUE=''
AMTAR='$${TAR-tar}'
AM_BACKSLASH='\'
AM_DEFAULT_V='$(AM_DEFAULT_VERBOSITY)'
AM_DEFAULT_VERBOSITY='1'
AM_V='$(V)'
AR='ar'
AUTOCONF='${SHELL} /home/tony/projects/spikes/ragel-parsers/ragel-6.9/missing autoconf'
AUTOHEADER='${SHELL} /home/tony/projects/spikes/ragel-parsers/ragel-6.9/missing autoheader'
AUTOMAKE='${SHELL} /home/tony/projects/spikes/ragel-parsers/ragel-6.9/missing automake-1.14'
AWK='gawk'
BUILD_MANUAL_FALSE=''
BUILD_MANUAL_TRUE='#'
BUILD_PARSERS_FALSE=''
BUILD_PARSERS_TRUE='#'
CC='gcc'
CCDEPMODE='depmode=gcc3'
CFLAGS='-g -O2'
CPPFLAGS=''
CXX='g++'
CXXDEPMODE='depmode=gcc3'
CXXFLAGS='-g -O2'
CYGPATH_W='echo'
DEFS='-DHAVE_CONFIG_H'
DEPDIR='.deps'
ECHO_C=''
ECHO_N='-n'
ECHO_T=''
EXEEXT=''
FIG2DEV=''
GDC=''
GMCS=''
GOBIN=''
GOBJC=''
INSTALL_DATA='${INSTALL} -m 644'
INSTALL_PROGRAM='${INSTALL}'
INSTALL_SCRIPT='${INSTALL}'
INSTALL_STRIP_PROGRAM='$(install_sh) -c -s'
JAVAC='javac'
KELBT=''
LDFLAGS=''
LIBOBJS=''
LIBS=''
LTLIBOBJS=''
MAKEINFO='${SHELL} /home/tony/projects/spikes/ragel-parsers/ragel-6.9/missing makeinfo'
MKDIR_P='/usr/bin/mkdir -p'
OBJEXT='o'
PACKAGE='ragel'
PACKAGE_BUGREPORT=''
PACKAGE_NAME='ragel'
PACKAGE_STRING='ragel 6.9'
PACKAGE_TARNAME='ragel'
PACKAGE_URL=''
PACKAGE_VERSION='6.9'
PATH_SEPARATOR=':'
PDFLATEX=''
PUBDATE='Oct 2014'
RAGEL=''
RANLIB='ranlib'
RUBY='ruby'
SET_MAKE=''
SHELL='/bin/sh'
STRIP=''
TXL=''
VERSION='6.9'
ac_ct_CC='gcc'
ac_ct_CXX='g++'
am__EXEEXT_FALSE=''
am__EXEEXT_TRUE='#'
am__fastdepCC_FALSE='#'
am__fastdepCC_TRUE=''
am__fastdepCXX_FALSE='#'
am__fastdepCXX_TRUE=''
am__include='include'
am__isrc=''
am__leading_dot='.'
am__nodep='_no'
am__quote=''
am__tar='$${TAR-tar} chof - "$$tardir"'
am__untar='$${TAR-tar} xf -'
bindir='${exec_prefix}/bin'
build_alias=''
datadir='${datarootdir}'
datarootdir='${prefix}/share'
docdir='${datarootdir}/doc/${PACKAGE_TARNAME}'
dvidir='${docdir}'
exec_prefix='${prefix}'
host_alias=''
htmldir='${docdir}'
includedir='${prefix}/include'
infodir='${datarootdir}/info'
install_sh='${SHELL} /home/tony/projects/spikes/ragel-parsers/ragel-6.9/install-sh'
libdir='${exec_prefix}/lib'
libexecdir='${exec_prefix}/libexec'
localedir='${datarootdir}/locale'
localstatedir='${prefix}/var'
mandir='${datarootdir}/man'
mkdir_p='$(MKDIR_P)'
oldincludedir='/usr/include'
pdfdir='${docdir}'
prefix='/home/tony/projects/spikes/ragel-parsers/tools'
program_transform_name='s,x,x,'
psdir='${docdir}'
sbindir='${exec_prefix}/sbin'
sharedstatedir='${prefix}/com'
sysconfdir='${prefix}/etc'
target_alias=''

## ----------- ##
## confdefs.h. ##
## ----------- ##

/* confdefs.h */
#define PACKAGE_NAME "ragel"
#define PACKAGE_TARNAME "ragel"
#define PACKAGE_VERSION "6.9"
#define PACKAGE_STRING "ragel 6.9"
#define PACKAGE_BUGREPORT ""
#define PACKAGE_URL ""
#define PACKAGE "ragel"
#define VERSION "6.9"

configure: exit 0
